Log file open, 02/19/18 14:04:23
LogWindows: Failed to load 'aqProf.dll' (GetLastError=126)
LogWindows: File 'aqProf.dll' does not exist
LogWindows: Failed to load 'VtuneApi.dll' (GetLastError=126)
LogWindows: File 'VtuneApi.dll' does not exist
LogWindows: Failed to load 'VtuneApi32e.dll' (GetLastError=126)
LogWindows: File 'VtuneApi32e.dll' does not exist
LogInit: Display: Running engine for game: voyager_2
LogPlatformFile: Not using cached read wrapper
LogInit: Display: RandInit(-601777086) SRandInit(-601777086).
LogTaskGraph: Started task graph with 5 named threads and 14 total threads with 3 sets of task threads.
LogStats: Stats thread started at 0.174528
LogD3D11RHI: Aftermath initialized
LogPluginManager: Mounting plugin Paper2D
LogPluginManager: Mounting plugin LightPropagationVolume
LogPluginManager: Mounting plugin CodeLiteSourceCodeAccess
LogPluginManager: Mounting plugin GitSourceControl
LogPluginManager: Mounting plugin KDevelopSourceCodeAccess
LogPluginManager: Mounting plugin NullSourceCodeAccess
LogPluginManager: Mounting plugin PerforceSourceControl
LogPluginManager: Mounting plugin SubversionSourceControl
LogPluginManager: Mounting plugin UObjectPlugin
LogPluginManager: Mounting plugin VisualStudioSourceCodeAccess
LogPluginManager: Mounting plugin XCodeSourceCodeAccess
LogPluginManager: Mounting plugin AssetManagerEditor
LogPluginManager: Mounting plugin AudioCapture
LogPluginManager: Mounting plugin FacialAnimation
LogPluginManager: Mounting plugin GameplayTagsEditor
LogPluginManager: Mounting plugin MobileLauncherProfileWizard
LogPluginManager: Mounting plugin PluginBrowser
LogPluginManager: Mounting plugin SpeedTreeImporter
LogPluginManager: Mounting plugin AlembicImporter
LogPluginManager: Mounting plugin CharacterAI
LogPluginManager: Mounting plugin HTML5Networking
LogPluginManager: Mounting plugin AndroidMedia
LogPluginManager: Mounting plugin AvfMedia
LogPluginManager: Mounting plugin MediaPlayerEditor
LogPluginManager: Mounting plugin WmfMedia
LogPluginManager: Mounting plugin TcpMessaging
LogPluginManager: Mounting plugin UdpMessaging
LogPluginManager: Mounting plugin LevelSequenceEditor
LogPluginManager: Mounting plugin MatineeToLevelSequence
LogPluginManager: Mounting plugin OnlineSubsystemGooglePlay
LogPluginManager: Mounting plugin OnlineSubsystemIOS
LogPluginManager: Mounting plugin OnlineSubsystem
LogPluginManager: Mounting plugin OnlineSubsystemNull
LogPluginManager: Mounting plugin OnlineSubsystemUtils
LogPluginManager: Mounting plugin AndroidDeviceProfileSelector
LogPluginManager: Mounting plugin AndroidMoviePlayer
LogPluginManager: Mounting plugin AndroidPermission
LogPluginManager: Mounting plugin AppleMoviePlayer
LogPluginManager: Mounting plugin ArchVisCharacter
LogPluginManager: Mounting plugin CableComponent
LogPluginManager: Mounting plugin CustomMeshComponent
LogPluginManager: Mounting plugin ExampleDeviceProfileSelector
LogPluginManager: Mounting plugin GoogleCloudMessaging
LogPluginManager: Mounting plugin ImmediatePhysics
LogPluginManager: Mounting plugin IOSDeviceProfileSelector
LogPluginManager: Mounting plugin LinuxDeviceProfileSelector
LogPluginManager: Mounting plugin LocationServicesBPLibrary
LogPluginManager: Mounting plugin MobilePatchingUtils
LogPluginManager: Mounting plugin OculusVR
LogPluginManager: Mounting plugin PhysXVehicles
LogPluginManager: Mounting plugin ProceduralMeshComponent
LogPluginManager: Mounting plugin RuntimePhysXCooking
LogPluginManager: Mounting plugin SteamVR
LogPluginManager: Mounting plugin WindowsMoviePlayer
LogInit: Using libcurl 7.47.1
LogInit:  - built for x86_64-pc-win32
LogInit:  - supports SSL with OpenSSL/1.0.2g
LogInit:  - supports HTTP deflate (compression) using libz 1.2.8
LogInit:  - other features:
LogInit:      CURL_VERSION_SSL
LogInit:      CURL_VERSION_LIBZ
LogInit:      CURL_VERSION_IPV6
LogInit:      CURL_VERSION_ASYNCHDNS
LogInit:      CURL_VERSION_LARGEFILE
LogInit:      CURL_VERSION_IDN
LogInit:  CurlRequestOptions (configurable via config and command line):
LogInit:  - bVerifyPeer = false  - Libcurl will NOT verify peer certificate
LogInit:  - bUseHttpProxy = false  - Libcurl will NOT use HTTP proxy
LogInit:  - bDontReuseConnections = false  - Libcurl will reuse connections
LogInit:  - CertBundlePath = nullptr  - Libcurl will use whatever was configured at build time.
LogInit: Build: ++UE4+Release-4.17-CL-3658906
LogInit: Engine Version: 4.17.2-3658906+++UE4+Release-4.17
LogInit: Compatible Engine Version: 4.17.0-3573198+++UE4+Release-4.17
LogInit: Net CL: 3573198
LogDevObjectVersion: Number of dev versions registered: 16
LogDevObjectVersion:   Dev-Blueprints (B0D832E4-1F89-4F0D-ACCF-7EB736FD4AA2): 10
LogDevObjectVersion:   Dev-Build (E1C64328-A22C-4D53-A36C-8E866417BD8C): 0
LogDevObjectVersion:   Dev-Core (375EC13C-06E4-48FB-B500-84F0262A717E): 2
LogDevObjectVersion:   Dev-Editor (E4B068ED-F494-42E9-A231-DA0B2E46BB41): 20
LogDevObjectVersion:   Dev-Framework (CFFC743F-43B0-4480-9391-14DF171D2073): 28
LogDevObjectVersion:   Dev-Mobile (B02B49B5-BB20-44E9-A304-32B752E40360): 0
LogDevObjectVersion:   Dev-Networking (A4E4105C-59A1-49B5-A7C5-40C4547EDFEE): 0
LogDevObjectVersion:   Dev-Online (39C831C9-5AE6-47DC-9A44-9C173E1C8E7C): 0
LogDevObjectVersion:   Dev-Physics (78F01B33-EBEA-4F98-B9B4-84EACCB95AA2): 0
LogDevObjectVersion:   Dev-Platform (6631380F-2D4D-43E0-8009-CF276956A95A): 0
LogDevObjectVersion:   Dev-Rendering (12F88B9F-8875-4AFC-A67C-D90C383ABD29): 19
LogDevObjectVersion:   Dev-Sequencer (7B5AE74C-D270-4C10-A958-57980B212A5A): 4
LogDevObjectVersion:   Dev-VR (D7296918-1DD6-4BDD-9DE2-64A83CC13884): 0
LogDevObjectVersion:   Dev-LoadTimes (C2A15278-BFE7-4AFE-6C17-90FF531DF755): 1
LogDevObjectVersion:   Private-Geometry (6EACA3D4-40EC-4CC1-B786-8BED09428FC5): 1
LogDevObjectVersion:   Dev-AnimPhys (29E575DD-E0A3-4627-9D10-D276232CDCEA): 7
LogInit: Compiled (64-bit): Sep 22 2017 13:47:16
LogInit: Compiled with Visual C++: 19.00.24215.01
LogInit: Build Configuration: Development
LogInit: Branch Name: ++UE4+Release-4.17
LogInit: Command line:  /Temp/Autosaves/Game/Level/UEDPCLevel -game -PIEVIACONSOLE -ResX=1280 -ResY=720  -Multiprocess -messaging -SessionName="Play in Standalone Game" -featureleveles2 -faketouches -windowed 
LogInit: Base directory: C:/Program Files/Epic Games/UE_4.17/Engine/Binaries/Win64/
LogInit: Installed Engine Build: 1
LogInit: Presizing for max 8388607 objects, including 0 objects not considered by GC, pre-allocating 0 bytes for permanent pool.
LogInit: Object subsystem initialized
[2018.02.19-14.04.24:524][  0]LogInit: Selected Device Profile: [Windows]
[2018.02.19-14.04.24:524][  0]LogInit: Applying CVar settings loaded from the selected device profile: [Windows]
[2018.02.19-14.04.24:530][  0]LogInit: Computer: GAMES-106-018
[2018.02.19-14.04.24:530][  0]LogInit: User: Games
[2018.02.19-14.04.24:530][  0]LogInit: CPU Page size=4096, Cores=4
[2018.02.19-14.04.24:530][  0]LogInit: High frequency timer resolution =3.613339 MHz
[2018.02.19-14.04.24:531][  0]LogMemory: Memory total: Physical=15.9GB (16GB approx)
[2018.02.19-14.04.24:531][  0]LogMemory: Platform Memory Stats for Windows
[2018.02.19-14.04.24:531][  0]LogMemory: Process Physical Memory: 279.84 MB used, 279.84 MB peak
[2018.02.19-14.04.24:531][  0]LogMemory: Process Virtual Memory: 277.65 MB used, 277.65 MB peak
[2018.02.19-14.04.24:531][  0]LogMemory: Physical Memory: 5348.28 MB used,  10913.45 MB free, 16261.73 MB total
[2018.02.19-14.04.24:531][  0]LogMemory: Virtual Memory: 653.21 MB used,  10913.45 MB free, 8388608.00 MB total
[2018.02.19-14.04.24:786][  0]LogInit: Using OS detected language (en-GB).
[2018.02.19-14.04.24:786][  0]LogInit: Using OS detected locale (en-GB).
[2018.02.19-14.04.24:791][  0]LogTextLocalizationManager: No specific localization for 'en-GB' exists, so the 'en' localization will be used.
[2018.02.19-14.04.25:316][  0]LogD3D11RHI: D3D11 adapters:
[2018.02.19-14.04.25:334][  0]LogD3D11RHI:    0. 'NVIDIA GeForce GTX 760' (Feature Level 11_0)
[2018.02.19-14.04.25:334][  0]LogD3D11RHI:       1990/0/7874 MB DedicatedVideo/DedicatedSystem/SharedSystem, Outputs:2, VendorId:0x10de
[2018.02.19-14.04.25:334][  0]LogD3D11RHI: Chosen D3D11 Adapter: 0
[2018.02.19-14.04.25:339][  0]LogD3D11RHI: Creating new Direct3DDevice
[2018.02.19-14.04.25:339][  0]LogD3D11RHI:     GPU DeviceId: 0x1187 (for the marketing name, search the web for "GPU Device Id")
[2018.02.19-14.04.25:339][  0]LogWindows: EnumDisplayDevices:
[2018.02.19-14.04.25:340][  0]LogWindows:    0. 'NVIDIA GeForce GTX 760' (P:1 D:1)
[2018.02.19-14.04.25:340][  0]LogWindows:    1. 'NVIDIA GeForce GTX 760' (P:0 D:1)
[2018.02.19-14.04.25:340][  0]LogWindows:    2. 'NVIDIA GeForce GTX 760' (P:0 D:0)
[2018.02.19-14.04.25:341][  0]LogWindows:    3. 'NVIDIA GeForce GTX 760' (P:0 D:0)
[2018.02.19-14.04.25:341][  0]LogWindows:    4. 'RDPDD Chained DD' (P:0 D:0)
[2018.02.19-14.04.25:341][  0]LogWindows:    5. 'RDP Encoder Mirror Driver' (P:0 D:0)
[2018.02.19-14.04.25:341][  0]LogWindows:    6. 'RDP Reflector Display Driver' (P:0 D:0)
[2018.02.19-14.04.25:342][  0]LogWindows: DebugString: GetVideoDriverDetailsInvalid PrimaryIsNotTheChoosenAdapter GetVideoDriverDetailsInvalid PrimaryIsNotTheChoosenAdapter GetVideoDriverDetailsInvalid PrimaryIsNotTheChoosenAdapter FoundDriverCount:4 
[2018.02.19-14.04.25:342][  0]LogD3D11RHI:     Adapter Name: NVIDIA GeForce GTX 760
[2018.02.19-14.04.25:342][  0]LogD3D11RHI:   Driver Version: 388.13 (internal:23.21.13.8813, unified:388.13)
[2018.02.19-14.04.25:342][  0]LogD3D11RHI:      Driver Date: 10-27-2017
[2018.02.19-14.04.25:342][  0]LogRHI: Texture pool is 1361 MB (70% of 1945 MB)
[2018.02.19-14.04.25:352][  0]LogD3D11RHI: Async texture creation enabled
[2018.02.19-14.04.25:397][  0]LogD3D11RHI: GPU Timing Frequency: 1000.000000 (Debug: 2 2)
[2018.02.19-14.04.25:440][  0]LogShaderCompilers: Guid format shader working directory is -8 characters bigger than the processId version (../../../../../../Users/Games/Desktop/Ochuko/voyager_2/Intermediate/Shaders/WorkingDirectory/9572/).
[2018.02.19-14.04.25:440][  0]LogShaderCompilers: Cleaned the shader compiler working directory 'C:/Users/Games/AppData/Local/Temp/UnrealShaderWorkingDir/B483B62B4C4319FF4979ADAFA41F912B/'.
[2018.02.19-14.04.25:441][  0]LogShaderCompilers: Display: Using Local Shader Compiler.
[2018.02.19-14.04.26:789][  0]LogTemp: Display: Loaded TP WindowsClientTargetPlatform
[2018.02.19-14.04.26:862][  0]LogTemp: Display: Loaded TP WindowsNoEditorTargetPlatform
[2018.02.19-14.04.26:934][  0]LogTemp: Display: Loaded TP WindowsServerTargetPlatform
[2018.02.19-14.04.27:003][  0]LogTemp: Display: Loaded TP WindowsTargetPlatform
[2018.02.19-14.04.27:003][  0]LogTargetPlatformManager: Display: Building Assets For Windows
[2018.02.19-14.04.27:795][  0]LogDerivedDataCache: Display: Max Cache Size: 512 MB
[2018.02.19-14.04.36:284][  0]LogDerivedDataCache: Loaded boot cache 8.49s 93MB C:/Users/Games/AppData/Local/UnrealEngine/4.17/DerivedDataCache/Boot.ddc.
[2018.02.19-14.04.36:284][  0]LogDerivedDataCache: Display: Loaded Boot cache: C:/Users/Games/AppData/Local/UnrealEngine/4.17/DerivedDataCache/Boot.ddc
[2018.02.19-14.04.36:284][  0]LogDerivedDataCache: FDerivedDataBackendGraph:  Pak pak cache file ../../../../../../Users/Games/Desktop/Ochuko/voyager_2/DerivedDataCache/DDC.ddp not found, will not use a pak cache.
[2018.02.19-14.04.36:285][  0]LogDerivedDataCache: Unable to find inner node Pak for hierarchical cache Hierarchy.
[2018.02.19-14.04.36:285][  0]LogDerivedDataCache: FDerivedDataBackendGraph:  CompressedPak pak cache file ../../../../../../Users/Games/Desktop/Ochuko/voyager_2/DerivedDataCache/Compressed.ddp not found, will not use a pak cache.
[2018.02.19-14.04.36:285][  0]LogDerivedDataCache: Unable to find inner node CompressedPak for hierarchical cache Hierarchy.
[2018.02.19-14.04.36:309][  0]LogDerivedDataCache: Display: Pak cache opened for reading ../../../Engine/DerivedDataCache/Compressed.ddp.
[2018.02.19-14.04.36:322][  0]LogDerivedDataCache: Using Local data cache path C:/Users/Games/AppData/Local/UnrealEngine/Common/DerivedDataCache: Writable
[2018.02.19-14.04.36:323][  0]LogMaterial: Verifying Global Shaders for PCD3D_ES2
[2018.02.19-14.04.39:576][  0]LogSlate: Using Freetype 2.6.0
[2018.02.19-14.04.39:577][  0]LogSlate: SlateFontCache - WITH_FREETYPE: 1, WITH_HARFBUZZ: 1
[2018.02.19-14.04.39:577][  0]LogSlate: SlateFontCache - WITH_FREETYPE: 1, WITH_HARFBUZZ: 1
[2018.02.19-14.04.40:075][  0]LogAssetRegistry: FAssetRegistry took 0.0105 seconds to start up
[2018.02.19-14.04.40:133][  0]LogPackageLocalizationCache: Processed 5 localized package path(s) for 2 prioritized culture(s) in 0.012017 seconds
[2018.02.19-14.04.40:325][  0]LogInit: Selected Device Profile: [Windows]
[2018.02.19-14.04.40:330][  0]LogContentStreaming: Texture pool size is 1000.00 MB
[2018.02.19-14.04.40:430][  0]LogMaterial: Missing cached shader map for material WorldGridMaterial, compiling. Is special engine material.
[2018.02.19-14.05.59:168][  0]LogMaterial: Missing cached shader map for material DefaultDeferredDecalMaterial, compiling. 
[2018.02.19-14.06.06:901][  0]LogMaterial: Missing cached shader map for material DefaultLightFunctionMaterial, compiling. 
[2018.02.19-14.06.07:052][  0]LogMaterial: Missing cached shader map for material DefaultPostProcessMaterial, compiling. 
[2018.02.19-14.06.07:488][  0]LogMaterial: Missing cached shader map for material Widget3DPassThrough, compiling. 
[2018.02.19-14.06.07:508][  0]LogMaterial: Missing cached shader map for material Widget3DPassThrough, compiling. 
[2018.02.19-14.06.07:528][  0]LogMaterial: Missing cached shader map for material Widget3DPassThrough, compiling. 
[2018.02.19-14.06.07:537][  0]LogMaterial: Missing cached shader map for material Widget3DPassThrough, compiling. 
[2018.02.19-14.06.07:544][  0]LogMaterial: Missing cached shader map for material Widget3DPassThrough, compiling. 
[2018.02.19-14.06.07:573][  0]LogMaterial: Missing cached shader map for material Widget3DPassThrough, compiling. 
[2018.02.19-14.06.07:711][  0]LogMaterial: Missing cached shader map for material CineMat, compiling. 
[2018.02.19-14.06.08:378][  0]LogSimplygon: Simplygon DLL not present - disabling.
[2018.02.19-14.06.08:473][  0]LogMeshReduction: Using SimplygonSwarm for distributed automatic mesh merging
[2018.02.19-14.06.08:473][  0]LogMeshReduction: Using QuadricMeshReduction for automatic static mesh reduction
[2018.02.19-14.06.08:473][  0]LogMeshReduction: No automatic skeletal mesh reduction module available
[2018.02.19-14.06.08:473][  0]LogMeshReduction: No automatic mesh merging module available
[2018.02.19-14.06.08:474][  0]LogMeshMerging: No automatic mesh merging module available
[2018.02.19-14.06.08:516][  0]LogMaterial: Missing cached shader map for material MatineeCam_mat, compiling. 
[2018.02.19-14.06.08:581][  0]LogMaterial: Missing cached shader map for material M_SimpleOpaque, compiling. 
[2018.02.19-14.06.08:640][  0]LogMaterial: Missing cached shader map for material M_SimpleTranslucent, compiling. 
[2018.02.19-14.06.08:802][  0]LogMaterial: Missing cached shader map for material TranslucentTransformGizmoMaterial, compiling. 
[2018.02.19-14.06.08:815][  0]LogMaterial: Missing cached shader map for material TransformGizmoMaterial, compiling. 
[2018.02.19-14.06.08:824][  0]LogMaterial: Missing cached shader map for material SnapGridMaterial, compiling. 
[2018.02.19-14.06.08:908][  0]LogMaterial: Missing cached shader map for material Xray, compiling. 
[2018.02.19-14.06.08:953][  0]LogMaterial: Missing cached shader map for material Main, compiling. 
[2018.02.19-14.06.09:180][  0]LogMaterial: Missing cached shader map for material SkySphereMaterial, compiling. 
[2018.02.19-14.06.09:199][  0]LogMaterial: Missing cached shader map for material FloorPlaneMaterial, compiling. 
[2018.02.19-14.06.09:372][  0]LogMaterial: Missing cached shader map for material LandscapeGizmo_Mat, compiling. 
[2018.02.19-14.06.09:401][  0]LogMaterial: Missing cached shader map for material LandscapeGizmoHeight_Mat, compiling. 
[2018.02.19-14.06.09:487][  0]LogMaterial: Missing cached shader map for material SplineEditorMeshMat, compiling. 
[2018.02.19-14.06.09:521][  0]LogNetVersion: voyager_2 , NetCL: 3573198, EngineNetVer: 2, GameNetVer: 0 (Checksum: 3316589127)
[2018.02.19-14.06.09:545][  0]LogMaterial: Missing cached shader map for material HelpActorMaterial, compiling. 
[2018.02.19-14.06.09:638][  0]LogMaterial: Missing cached shader map for material DefaultTextMaterialOpaque, compiling. 
[2018.02.19-14.06.09:802][  0]LogMaterial: Missing cached shader map for material GearVRControllerMaterial, compiling. 
[2018.02.19-14.06.09:972][  0]LogInit: WinSock: version 1.1 (2.2), MaxSocks=32767, MaxUdp=65467
[2018.02.19-14.06.11:916][  0]LogMaterial: Missing cached shader map for material KeyDiskMaterial, compiling. 
[2018.02.19-14.06.11:937][  0]LogMaterial: Missing cached shader map for material ArrowMaterial, compiling. 
[2018.02.19-14.06.11:975][  0]LogMaterial: Missing cached shader map for material LaserPointerMaterial, compiling. 
[2018.02.19-14.06.11:985][  0]LogMaterial: Missing cached shader map for material VivePreControllerMaterial, compiling. 
[2018.02.19-14.06.12:022][  0]LogMaterial: Missing cached shader map for material OculusControllerMaterial, compiling. 
[2018.02.19-14.06.12:071][  0]LogMaterial: Missing cached shader map for material TeleportDirectionMaterial, compiling. 
[2018.02.19-14.06.12:161][  0]LogMaterial: Missing cached shader map for material GenericHMDMaterial, compiling. 
[2018.02.19-14.06.12:216][  0]LogMaterial: Missing cached shader map for material FlattenHeightMat, compiling. 
[2018.02.19-14.06.12:236][  0]LogMaterial: Missing cached shader map for material M_ContentWindow, compiling. 
[2018.02.19-14.06.12:304][  0]LogMaterial: Missing cached shader map for material VRTextMaterial, compiling. 
[2018.02.19-14.06.12:321][  0]LogMaterial: Missing cached shader map for material GridPostProcess, compiling. 
[2018.02.19-14.06.12:332][  0]LogMaterial: Missing cached shader map for material LaserPointerMaterial, compiling. 
[2018.02.19-14.06.12:358][  0]LogMaterial: Missing cached shader map for material GridMaterial, compiling. 
[2018.02.19-14.06.12:387][  0]LogMaterial: Missing cached shader map for material LineMaterial, compiling. 
[2018.02.19-14.06.12:401][  0]LogMaterial: Missing cached shader map for material VRTextMaterial, compiling. 
[2018.02.19-14.06.13:249][  0]LogMoviePlayer: Initializing movie player
[2018.02.19-14.06.14:244][  0]LogMaterial: Missing cached shader map for material DefaultSpriteMaterial, compiling. 
[2018.02.19-14.06.14:262][  0]LogMaterial: Missing cached shader map for material DefaultSpriteMaterial, compiling. 
[2018.02.19-14.06.14:631][  0]LogCollectionManager: Loaded 0 collections in 0.002756 seconds
[2018.02.19-14.06.14:718][  0]LogFileCache: Scanning file cache for directory 'C:/Users/Games/Desktop/Ochuko/voyager_2/Saved/Collections/' took 0.01s
[2018.02.19-14.06.14:719][  0]LogFileCache: Scanning file cache for directory 'C:/Users/Games/Desktop/Ochuko/voyager_2/Content/Developers/Games/Collections/' took 0.01s
[2018.02.19-14.06.14:719][  0]LogFileCache: Scanning file cache for directory 'C:/Users/Games/Desktop/Ochuko/voyager_2/Content/Collections/' took 0.01s
[2018.02.19-14.06.14:719][  0]LogCollectionManager: Rebuilt the object cache for 0 collections in 0.000002 seconds (found 0 objects)
[2018.02.19-14.06.14:719][  0]LogCollectionManager: Fixed up redirectors for 0 collections in 0.000925 seconds (updated 0 objects)
[2018.02.19-14.06.15:084][  0]LogTcpMessaging: Initializing TcpMessaging bridge
[2018.02.19-14.06.15:143][  0]LogUdpMessaging: Initializing bridge on interface 0.0.0.0:0 to multicast group 230.0.0.1:6666.
[2018.02.19-14.06.15:626][  0]LogMaterial: Missing cached shader map for material DefaultMaterial, compiling. 
[2018.02.19-14.06.16:469][  0]SourceControl: Source control is disabled
[2018.02.19-14.06.16:470][  0]SourceControl: Source control is disabled
[2018.02.19-14.06.16:571][  0]SourceControl: Source control is disabled
[2018.02.19-14.06.17:128][  0]LogAndroidPermission: UAndroidPermissionCallbackProxy::GetInstance
[2018.02.19-14.06.17:612][  0]LogOcInput: OculusInput pre-init called
[2018.02.19-14.06.17:841][  0]LogUObjectArray: 38661 objects as part of root set at end of initial load.
[2018.02.19-14.06.17:841][  0]LogUObjectAllocator: 8461328 out of 0 bytes used by permanent object pool.
[2018.02.19-14.06.17:841][  0]LogUObjectArray: CloseDisregardForGC: 0/0 objects in disregard for GC pool
[2018.02.19-14.06.17:994][  0]LogMaterial: Missing cached shader map for material HighResScreenshot, compiling. 
[2018.02.19-14.06.18:010][  0]LogMaterial: Missing cached shader map for material HighResScreenshotMask, compiling. 
[2018.02.19-14.06.18:033][  0]LogMaterial: Missing cached shader map for material HighResScreenshotCaptureRegion, compiling. 
[2018.02.19-14.06.18:075][  0]LogEngine: Initializing Engine...
[2018.02.19-14.06.18:080][  0]LogHMD: Failed to initialize OpenVR with code 110
[2018.02.19-14.06.18:098][  0]LogMaterial: Missing cached shader map for material WireframeMaterial, compiling. Is special engine material.
[2018.02.19-14.06.18:240][  0]LogMaterial: Missing cached shader map for material LevelColorationLitMaterial, compiling. Is special engine material.
[2018.02.19-14.06.19:019][  0]LogMaterial: Missing cached shader map for material LevelColorationUnlitMaterial, compiling. Is special engine material.
[2018.02.19-14.06.19:143][  0]LogMaterial: Missing cached shader map for material MAT_LevelColorationLitLightmapUV, compiling. Is special engine material.
[2018.02.19-14.06.19:925][  0]LogMaterial: Missing cached shader map for material ShadedLevelColorationLitMaterial, compiling. Is special engine material.
[2018.02.19-14.06.20:716][  0]LogMaterial: Missing cached shader map for material ShadedLevelColorationUnlitMateri, compiling. Is special engine material.
[2018.02.19-14.06.20:830][  0]LogMaterial: Missing cached shader map for material VertexColorMaterial, compiling. 
[2018.02.19-14.06.21:049][  0]LogMaterial: Missing cached shader map for material VertexColorViewMode_ColorOnly, compiling. 
[2018.02.19-14.06.21:133][  0]LogMaterial: Missing cached shader map for material VertexColorViewMode_AlphaAsColor, compiling. 
[2018.02.19-14.06.21:153][  0]LogMaterial: Missing cached shader map for material VertexColorViewMode_RedOnly, compiling. 
[2018.02.19-14.06.21:174][  0]LogMaterial: Missing cached shader map for material VertexColorViewMode_GreenOnly, compiling. 
[2018.02.19-14.06.21:195][  0]LogMaterial: Missing cached shader map for material VertexColorViewMode_BlueOnly, compiling. 
[2018.02.19-14.06.21:211][  0]LogMaterial: Missing cached shader map for material RemoveSurfaceMaterial, compiling. 
[2018.02.19-14.06.21:222][  0]LogMaterial: Missing cached shader map for material DebugMeshMaterial, compiling. 
[2018.02.19-14.06.21:244][  0]LogMaterial: Missing cached shader map for material M_InvalidLightmapSettings, compiling. 
[2018.02.19-14.06.21:343][  0]LogMaterial: Missing cached shader map for material GizmoMaterial, compiling. 
[2018.02.19-14.06.21:355][  0]LogMaterial: Missing cached shader map for material PhAT_JointLimitMaterial, compiling. 
[2018.02.19-14.06.21:555][  0]LogStats: UGameplayTagsManager::ConstructGameplayTagTree: Construct from data asset -  0.000 s
[2018.02.19-14.06.21:555][  0]LogStats: UGameplayTagsManager::ConstructGameplayTagTree: GameplayTagTreeChangedEvent.Broadcast -  0.000 s
[2018.02.19-14.06.21:576][  0]LogInit: XAudio2 using 'Speakers (Conexant HD Audio)' : 2 channels at 44.1 kHz using 16 bits per sample (channel mask 0x3)
[2018.02.19-14.06.21:750][  0]LogInit: FAudioDevice initialized.
[2018.02.19-14.06.21:816][  0]LogAudio: Warning: Waited 54.059139ms for audio thread.
[2018.02.19-14.06.21:856][  0]LogInit: Texture streaming: Enabled
[2018.02.19-14.06.21:864][  0]LogMaterial: Missing cached shader map for material BaseColor, compiling. 
[2018.02.19-14.06.21:979][  0]LogMaterial: Warning: Failed to compile Material /Engine/BufferVisualization/BaseColor.BaseColor for platform PCD3D_ES2, Default Material will be used in game.
[2018.02.19-14.06.21:979][  0]LogMaterial: Warning: 	(Node FeatureLevelSwitch) Feature Level switch missing default input
[2018.02.19-14.06.21:983][  0]LogMaterial: Missing cached shader map for material CustomDepth, compiling. 
[2018.02.19-14.06.22:012][  0]LogMaterial: Uniform references updated for custom material expression Custom.
[2018.02.19-14.06.22:016][  0]LogMaterial: Missing cached shader map for material CustomStencil, compiling. 
[2018.02.19-14.06.22:026][  0]LogMaterial: Missing cached shader map for material FinalImage, compiling. 
[2018.02.19-14.06.22:036][  0]LogMaterial: Missing cached shader map for material LightingModel, compiling. 
[2018.02.19-14.06.22:047][  0]LogMaterial: Missing cached shader map for material MaterialAO, compiling. 
[2018.02.19-14.06.22:058][  0]LogMaterial: Missing cached shader map for material Metallic, compiling. 
[2018.02.19-14.06.22:078][  0]LogMaterial: Missing cached shader map for material Opacity, compiling. 
[2018.02.19-14.06.22:090][  0]LogMaterial: Missing cached shader map for material Roughness, compiling. 
[2018.02.19-14.06.22:105][  0]LogMaterial: Missing cached shader map for material SceneColor, compiling. 
[2018.02.19-14.06.22:117][  0]LogMaterial: Missing cached shader map for material SceneDepth, compiling. 
[2018.02.19-14.06.22:129][  0]LogMaterial: Missing cached shader map for material SeparateTranslucencyRGB, compiling. 
[2018.02.19-14.06.22:142][  0]LogMaterial: Missing cached shader map for material SeparateTranslucencyA, compiling. 
[2018.02.19-14.06.22:153][  0]LogMaterial: Missing cached shader map for material Specular, compiling. 
[2018.02.19-14.06.22:154][  0]LogMaterial: Warning: Failed to compile Material /Engine/BufferVisualization/Specular.Specular for platform PCD3D_ES2, Default Material will be used in game.
[2018.02.19-14.06.22:155][  0]LogMaterial: Warning: 	(Node FeatureLevelSwitch) Feature Level switch missing default input
[2018.02.19-14.06.22:159][  0]LogMaterial: Missing cached shader map for material SubsurfaceColor, compiling. 
[2018.02.19-14.06.22:170][  0]LogMaterial: Missing cached shader map for material WorldNormal, compiling. 
[2018.02.19-14.06.22:182][  0]LogMaterial: Missing cached shader map for material AmbientOcclusion, compiling. 
[2018.02.19-14.06.22:206][  0]LogMaterial: Missing cached shader map for material CustomDepthWorldUnits, compiling. 
[2018.02.19-14.06.22:221][  0]LogMaterial: Missing cached shader map for material SceneDepthWorldUnits, compiling. 
[2018.02.19-14.06.22:236][  0]LogMaterial: Missing cached shader map for material PreTonemapHDRColor, compiling. 
[2018.02.19-14.06.22:251][  0]LogMaterial: Missing cached shader map for material PostTonemapHDRColor, compiling. 
[2018.02.19-14.06.22:673][  0]LogSlateStyle: Warning: Unable to find Slate Widget Style 'NormalText'. Using FTextBlockStyle defaults instead.
[2018.02.19-14.06.22:673][  0]LogSlateStyle: Warning: Unable to find Slate Widget Style 'SpinBox'. Using FSpinBoxStyle defaults instead.
[2018.02.19-14.06.23:175][  0]LogInit: Display: Game Engine Initialized.
[2018.02.19-14.06.23:175][  0]LogGameplayTags: Display: UGameplayTagsManager::DoneAddingNativeTags. DelegateIsBound: 0
[2018.02.19-14.06.23:498][  0]LogInit: Display: Starting Game.
[2018.02.19-14.06.23:499][  0]LogNet: Browse: /Temp/Autosaves/Game/Level/UEDPCLevel?Name=Player
[2018.02.19-14.06.23:717][  0]LogLoad: LoadMap: /Temp/Autosaves/Game/Level/UEDPCLevel?Name=Player
[2018.02.19-14.06.23:762][  0]LogMemory: Platform Memory Stats for Windows
[2018.02.19-14.06.23:762][  0]LogMemory: Process Physical Memory: 1371.54 MB used, 1490.04 MB peak
[2018.02.19-14.06.23:763][  0]LogMemory: Process Virtual Memory: 1478.20 MB used, 1557.03 MB peak
[2018.02.19-14.06.23:763][  0]LogMemory: Physical Memory: 6699.37 MB used,  9562.37 MB free, 16261.73 MB total
[2018.02.19-14.06.23:763][  0]LogMemory: Virtual Memory: 2085.30 MB used,  9562.37 MB free, 8388608.00 MB total
[2018.02.19-14.06.23:763][  0]LogMemory: 
[2018.02.19-14.06.23:763][  0]Allocator Stats for TBB: (not implemented)
[2018.02.19-14.06.23:795][  0]LogLinker: Warning: Can't find file '/Game/Level/Level_BuiltData'
[2018.02.19-14.06.23:795][  0]LogUObjectGlobals: Warning: Failed to load '/Game/Level/Level_BuiltData': Can't find file '/Game/Level/Level_BuiltData'
[2018.02.19-14.06.23:795][  0]LogLinker: Warning: Can't find file for asset '/Game/Level/Level_BuiltData' while loading NULL.
[2018.02.19-14.06.23:796][  0]LogUObjectGlobals: Warning: Failed to load '/Game/Level/Level_BuiltData': Can't find file for asset '/Game/Level/Level_BuiltData' while loading NULL.
[2018.02.19-14.06.23:809][  0]LogLinker: Warning: Can't find file '/Game/Level/Level_BuiltData'
[2018.02.19-14.06.23:810][  0]LoadErrors: Failed to load /Game/Level/Level_BuiltData.Level_BuiltData Referenced by PersistentLevel
[2018.02.19-14.06.23:810][  0]LogUObjectGlobals: Warning: Failed to load '/Game/Level/Level_BuiltData': Can't find file '/Game/Level/Level_BuiltData'
[2018.02.19-14.06.23:810][  0]LogLinker: Warning: Can't find file for asset '/Game/Level/Level_BuiltData' while loading NULL.
[2018.02.19-14.06.23:811][  0]LoadErrors: Failed to load /Game/Level/Level_BuiltData.Level_BuiltData Referenced by PersistentLevel
[2018.02.19-14.06.23:811][  0]LogUObjectGlobals: Warning: Failed to load '/Game/Level/Level_BuiltData': Can't find file for asset '/Game/Level/Level_BuiltData' while loading NULL.
[2018.02.19-14.06.23:899][  0]LogMaterial: Missing cached shader map for material BasicShapeMaterial, compiling. 
[2018.02.19-14.06.24:364][  0]LogAIModule: Creating AISystem for world Level
[2018.02.19-14.06.24:365][  0]LogLoad: Game class is 'GameModeBase'
[2018.02.19-14.06.24:833][  0]LogWorld: Bringing World /Temp/Autosaves/Game/Level/UEDPCLevel.Level up for play (max tick rate 0) at 2018.02.19-14.06.24
[2018.02.19-14.06.24:834][  0]LogWorld: Bringing up level for play took: 0.004919
[2018.02.19-14.06.24:837][  0]LogLoad: Took 1.120771 seconds to LoadMap(/Temp/Autosaves/Game/Level/UEDPCLevel)
[2018.02.19-14.06.25:471][  0]LogRenderer: Reallocating scene render targets to support 1280x720 Format 10 NumSamples 1 (Frame:1).
[2018.02.19-14.06.25:471][  0]LogLoad: (Engine Initialization) Total time: 122.86 seconds
[2018.02.19-14.06.25:471][  0]LogLoad: (Engine Initialization) Total Blueprint compile time: 0.00 seconds
[2018.02.19-14.06.25:472][  0]LogExternalProfiler: Found external profiler: VSPerf
[2018.02.19-14.06.25:472][  0]LogExternalProfiler: Using external profiler: VSPerf
[2018.02.19-14.09.45:988][394]LogEngine: All Windows Closed
[2018.02.19-14.09.45:989][394]LogWindows: FPlatformMisc::RequestExit(0)
[2018.02.19-14.09.47:095][395]LogExit: Preparing to exit.
[2018.02.19-14.09.47:095][395]LogMoviePlayer: Shutting down movie player
[2018.02.19-14.09.48:362][395]LogExit: Game engine shut down
[2018.02.19-14.09.48:428][395]LogExit: Object subsystem successfully closed.
[2018.02.19-14.09.48:453][395]LogD3D11RHI: Shutdown
[2018.02.19-14.09.48:453][395]LogD3D11RHI: CleanupD3DDevice
[2018.02.19-14.09.48:505][395]LogD3D11RHI: ~FD3D11DynamicRHI
[2018.02.19-14.09.48:525][395]LogModuleManager: Shutting down and abandoning module SequenceRecorderSections (304)
[2018.02.19-14.09.48:525][395]LogModuleManager: Shutting down and abandoning module SequenceRecorder (302)
[2018.02.19-14.09.48:526][395]LogModuleManager: Shutting down and abandoning module AutomationController (300)
[2018.02.19-14.09.48:526][395]LogModuleManager: Shutting down and abandoning module AutomationWorker (298)
[2018.02.19-14.09.48:526][395]LogModuleManager: Shutting down and abandoning module AIModule (296)
[2018.02.19-14.09.48:526][395]LogModuleManager: Shutting down and abandoning module GameplayDebugger (295)
[2018.02.19-14.09.48:526][395]LogModuleManager: Shutting down and abandoning module AITestSuite (293)
[2018.02.19-14.09.48:527][395]LogModuleManager: Shutting down and abandoning module WmfMediaFactory (290)
[2018.02.19-14.09.48:527][395]LogModuleManager: Shutting down and abandoning module AvfMediaFactory (288)
[2018.02.19-14.09.48:527][395]LogModuleManager: Shutting down and abandoning module AndroidMediaFactory (286)
[2018.02.19-14.09.48:527][395]LogModuleManager: Shutting down and abandoning module Media (285)
[2018.02.19-14.09.48:528][395]LogModuleManager: Shutting down and abandoning module CharacterAI (282)
[2018.02.19-14.09.48:528][395]LogModuleManager: Shutting down and abandoning module SessionServices (280)
[2018.02.19-14.09.48:528][395]LogModuleManager: Shutting down and abandoning module MovieSceneCapture (278)
[2018.02.19-14.09.48:558][395]LogModuleManager: Shutting down and abandoning module MovieSceneTracks (276)
[2018.02.19-14.09.48:558][395]LogModuleManager: Shutting down and abandoning module MovieScene (274)
[2018.02.19-14.09.48:559][395]LogModuleManager: Shutting down and abandoning module GeometryCache (272)
[2018.02.19-14.09.48:559][395]LogModuleManager: Shutting down and abandoning module GeometryCacheEd (271)
[2018.02.19-14.09.48:559][395]LogModuleManager: Shutting down and abandoning module Niagara (268)
[2018.02.19-14.09.48:559][395]LogModuleManager: Shutting down and abandoning module NiagaraEditor (267)
[2018.02.19-14.09.48:559][395]LogModuleManager: Shutting down and abandoning module StreamingPauseRendering (264)
[2018.02.19-14.09.48:559][395]LogModuleManager: Shutting down and abandoning module PortalServices (262)
[2018.02.19-14.09.48:560][395]LogModuleManager: Shutting down and abandoning module PortalRpc (260)
[2018.02.19-14.09.48:560][395]LogModuleManager: Shutting down and abandoning module MessagingRpc (258)
[2018.02.19-14.09.48:560][395]LogModuleManager: Shutting down and abandoning module ProfilerService (256)
[2018.02.19-14.09.48:745][395]LogModuleManager: Shutting down and abandoning module TaskGraph (254)
[2018.02.19-14.09.48:745][395]LogModuleManager: Shutting down and abandoning module SteamVRController (252)
[2018.02.19-14.09.48:746][395]LogModuleManager: Shutting down and abandoning module ProceduralMeshComponent (250)
[2018.02.19-14.09.48:746][395]LogModuleManager: Shutting down and abandoning module OculusInput (248)
[2018.02.19-14.09.48:746][395]LogModuleManager: Shutting down and abandoning module MobilePatchingUtils (246)
[2018.02.19-14.09.48:746][395]LogModuleManager: Shutting down and abandoning module CustomMeshComponent (244)
[2018.02.19-14.09.48:746][395]LogModuleManager: Shutting down and abandoning module CableComponent (242)
[2018.02.19-14.09.48:746][395]LogModuleManager: Shutting down and abandoning module ArchVisCharacter (240)
[2018.02.19-14.09.48:747][395]LogModuleManager: Shutting down and abandoning module AndroidPermission (238)
[2018.02.19-14.09.48:747][395]LogModuleManager: Shutting down and abandoning module HTML5Networking (234)
[2018.02.19-14.09.48:747][395]LogModuleManager: Shutting down and abandoning module VisualStudioSourceCodeAccess (232)
[2018.02.19-14.09.48:747][395]LogModuleManager: Shutting down and abandoning module DesktopPlatform (231)
[2018.02.19-14.09.48:747][395]LogModuleManager: Shutting down and abandoning module HotReload (229)
[2018.02.19-14.09.48:748][395]LogModuleManager: Shutting down and abandoning module UObjectPlugin (226)
[2018.02.19-14.09.48:748][395]LogModuleManager: Shutting down and abandoning module SubversionSourceControl (224)
[2018.02.19-14.09.48:748][395]LogModuleManager: Shutting down and abandoning module PerforceSourceControl (222)
[2018.02.19-14.09.48:748][395]LogModuleManager: Shutting down and abandoning module SourceControl (221)
[2018.02.19-14.09.48:748][395]LogModuleManager: Shutting down and abandoning module RuntimePhysXCooking (218)
[2018.02.19-14.09.48:749][395]LogModuleManager: Shutting down and abandoning module PhysXVehiclesEditor (216)
[2018.02.19-14.09.48:749][395]LogModuleManager: Shutting down and abandoning module PhysXVehicles (214)
[2018.02.19-14.09.48:749][395]LogModuleManager: Shutting down and abandoning module LocationServicesBPLibrary (212)
[2018.02.19-14.09.48:749][395]LogModuleManager: Shutting down and abandoning module ImmediatePhysicsEditor (210)
[2018.02.19-14.09.48:749][395]LogModuleManager: Shutting down and abandoning module ImmediatePhysics (208)
[2018.02.19-14.09.48:749][395]LogModuleManager: Shutting down and abandoning module UdpMessaging (206)
[2018.02.19-14.09.48:849][395]LogModuleManager: Shutting down and abandoning module TcpMessaging (204)
[2018.02.19-14.09.49:098][395]LogModuleManager: Shutting down and abandoning module GameplayTagsEditor (202)
[2018.02.19-14.09.49:098][395]LogModuleManager: Shutting down and abandoning module FacialAnimation (200)
[2018.02.19-14.09.49:098][395]LogModuleManager: Shutting down and abandoning module AssetManagerEditor (198)
[2018.02.19-14.09.49:099][395]LogModuleManager: Shutting down and abandoning module GraphEditor (197)
[2018.02.19-14.09.49:099][395]LogModuleManager: Shutting down and abandoning module ContentBrowser (195)
[2018.02.19-14.09.49:099][395]LogModuleManager: Shutting down and abandoning module CollectionManager (194)
[2018.02.19-14.09.49:099][395]LogDirectoryWatcher: A directory notification for 'C:/Users/Games/Desktop/Ochuko/voyager_2/Content/Collections/' was aborted.
[2018.02.19-14.09.49:099][395]LogDirectoryWatcher: A directory notification for 'C:/Users/Games/Desktop/Ochuko/voyager_2/Content/Developers/Games/Collections/' was aborted.
[2018.02.19-14.09.49:100][395]LogDirectoryWatcher: A directory notification for 'C:/Users/Games/Desktop/Ochuko/voyager_2/Saved/Collections/' was aborted.
[2018.02.19-14.09.49:100][395]LogModuleManager: Shutting down and abandoning module DirectoryWatcher (193)
[2018.02.19-14.09.49:100][395]LogModuleManager: Shutting down and abandoning module LightPropagationVolumeRuntime (188)
[2018.02.19-14.09.49:100][395]LogModuleManager: Shutting down and abandoning module Paper2D (186)
[2018.02.19-14.09.49:100][395]LogModuleManager: Shutting down and abandoning module WindowsMoviePlayer (184)
[2018.02.19-14.09.49:101][395]LogModuleManager: Shutting down and abandoning module WmfMedia (182)
[2018.02.19-14.09.49:101][395]LogModuleManager: Shutting down and abandoning module PacketHandler (180)
[2018.02.19-14.09.49:101][395]LogModuleManager: Shutting down and abandoning module ClothingSystemEditor (178)
[2018.02.19-14.09.49:101][395]LogModuleManager: Shutting down and abandoning module ClothingSystemRuntime (176)
[2018.02.19-14.09.49:101][395]LogModuleManager: Shutting down and abandoning module Overlay (174)
[2018.02.19-14.09.49:102][395]LogModuleManager: Shutting down and abandoning module OverlayEditor (173)
[2018.02.19-14.09.49:102][395]LogModuleManager: Shutting down and abandoning module MediaAssets (170)
[2018.02.19-14.09.49:102][395]LogModuleManager: Shutting down and abandoning module VREditor (168)
[2018.02.19-14.09.49:102][395]LogModuleManager: Shutting down and abandoning module StringTableEditor (166)
[2018.02.19-14.09.49:102][395]LogModuleManager: Shutting down and abandoning module GameplayTasksEditor (164)
[2018.02.19-14.09.49:102][395]LogModuleManager: Shutting down and abandoning module BehaviorTreeEditor (162)
[2018.02.19-14.09.49:103][395]LogModuleManager: Shutting down and abandoning module FunctionalTesting (160)
[2018.02.19-14.09.49:103][395]LogModuleManager: Shutting down and abandoning module CollisionAnalyzer (158)
[2018.02.19-14.09.49:103][395]LogModuleManager: Shutting down and abandoning module WorkspaceMenuStructure (157)
[2018.02.19-14.09.49:103][395]LogModuleManager: Shutting down and abandoning module UMG (154)
[2018.02.19-14.09.49:103][395]LogModuleManager: Shutting down and abandoning module UMGEditor (153)
[2018.02.19-14.09.49:103][395]LogModuleManager: Shutting down and abandoning module Sequencer (152)
[2018.02.19-14.09.49:104][395]LogModuleManager: Shutting down and abandoning module MessageLog (149)
[2018.02.19-14.09.49:379][395]LogModuleManager: Shutting down and abandoning module SlateReflector (144)
[2018.02.19-14.09.49:379][395]LogModuleManager: Shutting down and abandoning module Slate (142)
[2018.02.19-14.09.49:379][395]LogModuleManager: Shutting down and abandoning module EditorStyle (140)
[2018.02.19-14.09.49:382][395]LogModuleManager: Shutting down and abandoning module MRMesh (138)
[2018.02.19-14.09.49:382][395]LogModuleManager: Shutting down and abandoning module Messaging (136)
[2018.02.19-14.09.49:382][395]LogModuleManager: Shutting down and abandoning module SourceCodeAccess (134)
[2018.02.19-14.09.49:382][395]LogModuleManager: Shutting down and abandoning module HeadMountedDisplay (132)
[2018.02.19-14.09.49:382][395]LogModuleManager: Shutting down and abandoning module XAudio2 (130)
[2018.02.19-14.09.49:382][395]LogModuleManager: Shutting down and abandoning module Networking (128)
[2018.02.19-14.09.49:383][395]LogModuleManager: Shutting down and abandoning module Core (124)
[2018.02.19-14.09.49:383][395]LogModuleManager: Shutting down and abandoning module KismetCompiler (122)
[2018.02.19-14.09.49:383][395]LogModuleManager: Shutting down and abandoning module MeshUtilities (120)
[2018.02.19-14.09.49:383][395]LogModuleManager: Shutting down and abandoning module MeshMergeUtilities (119)
[2018.02.19-14.09.49:383][395]LogModuleManager: Shutting down and abandoning module MeshReductionInterface (118)
[2018.02.19-14.09.49:383][395]LogModuleManager: Shutting down and abandoning module SimplygonSwarm (117)
[2018.02.19-14.09.49:384][395]LogModuleManager: Shutting down and abandoning module SimplygonMeshReduction (115)
[2018.02.19-14.09.49:384][395]LogModuleManager: Shutting down and abandoning module QuadricMeshReduction (113)
[2018.02.19-14.09.49:384][395]LogModuleManager: Shutting down and abandoning module MaterialBaking (109)
[2018.02.19-14.09.49:384][395]LogModuleManager: Shutting down and abandoning module LevelSequence (106)
[2018.02.19-14.09.49:384][395]LogModuleManager: Shutting down and abandoning module DerivedDataCache (102)
[2018.02.19-14.09.49:408][395]LogDerivedDataCache: Shutdown
[2018.02.19-14.09.49:408][395]LogModuleManager: Shutting down and abandoning module TargetPlatform (100)
[2018.02.19-14.09.49:408][395]LogModuleManager: Shutting down and abandoning module VulkanShaderFormat (99)
[2018.02.19-14.09.49:408][395]LogModuleManager: Shutting down and abandoning module ShaderFormatVectorVM (97)
[2018.02.19-14.09.49:409][395]LogModuleManager: Shutting down and abandoning module ShaderFormatOpenGL (95)
[2018.02.19-14.09.49:409][395]LogModuleManager: Shutting down and abandoning module ShaderFormatD3D (93)
[2018.02.19-14.09.49:409][395]LogModuleManager: Shutting down and abandoning module MetalShaderFormat (91)
[2018.02.19-14.09.49:409][395]LogModuleManager: Shutting down and abandoning module TextureFormatUncompressed (89)
[2018.02.19-14.09.49:409][395]LogModuleManager: Shutting down and abandoning module TextureFormatPVR (87)
[2018.02.19-14.09.49:409][395]LogModuleManager: Shutting down and abandoning module TextureFormatDXT (85)
[2018.02.19-14.09.49:409][395]LogModuleManager: Shutting down and abandoning module TextureFormatIntelISPCTexComp (83)
[2018.02.19-14.09.49:410][395]LogModuleManager: Shutting down and abandoning module TextureFormatASTC (81)
[2018.02.19-14.09.49:410][395]LogModuleManager: Shutting down and abandoning module ImageWrapper (80)
[2018.02.19-14.09.49:410][395]LogModuleManager: Shutting down and abandoning module TextureFormatAndroid (77)
[2018.02.19-14.09.49:410][395]LogModuleManager: Shutting down and abandoning module AudioFormatOpus (75)
[2018.02.19-14.09.49:410][395]LogModuleManager: Shutting down and abandoning module AudioFormatOgg (73)
[2018.02.19-14.09.49:410][395]LogModuleManager: Shutting down and abandoning module AudioFormatADPCM (71)
[2018.02.19-14.09.49:411][395]LogModuleManager: Shutting down and abandoning module WindowsTargetPlatform (69)
[2018.02.19-14.09.49:411][395]LogModuleManager: Shutting down and abandoning module WindowsServerTargetPlatform (67)
[2018.02.19-14.09.49:411][395]LogModuleManager: Shutting down and abandoning module WindowsNoEditorTargetPlatform (65)
[2018.02.19-14.09.49:411][395]LogModuleManager: Shutting down and abandoning module WindowsClientTargetPlatform (63)
[2018.02.19-14.09.49:411][395]LogModuleManager: Shutting down and abandoning module InputCore (60)
[2018.02.19-14.09.49:411][395]LogModuleManager: Shutting down and abandoning module Settings (58)
[2018.02.19-14.09.49:411][395]LogModuleManager: Shutting down and abandoning module PhysXCooking (56)
[2018.02.19-14.09.49:412][395]LogModuleManager: Shutting down and abandoning module SteamVR (54)
[2018.02.19-14.09.49:412][395]LogModuleManager: Shutting down and abandoning module OculusHMD (52)
[2018.02.19-14.09.49:412][395]LogModuleManager: Shutting down and abandoning module ExampleDeviceProfileSelector (50)
[2018.02.19-14.09.49:412][395]LogModuleManager: Shutting down and abandoning module OnlineBlueprintSupport (48)
[2018.02.19-14.09.49:412][395]LogModuleManager: Shutting down and abandoning module OnlineSubsystem (44)
[2018.02.19-14.09.49:412][395]LogOnline: Display: Unloading online subsystem: NULL
[2018.02.19-14.09.49:412][395]LogModuleManager: Shutting down and abandoning module XMPP (43)
[2018.02.19-14.09.49:413][395]LogModuleManager: Shutting down and abandoning module HTTP (41)
[2018.02.19-14.09.49:443][395]LogModuleManager: Shutting down and abandoning module SSL (40)
[2018.02.19-14.09.49:444][395]LogModuleManager: Shutting down and abandoning module AnimationModifiers (36)
[2018.02.19-14.09.49:444][395]LogModuleManager: Shutting down and abandoning module PropertyEditor (35)
[2018.02.19-14.09.49:444][395]LogModuleManager: Shutting down and abandoning module AudioEditor (32)
[2018.02.19-14.09.49:444][395]LogModuleManager: Shutting down and abandoning module TextureCompressor (30)
[2018.02.19-14.09.49:445][395]LogModuleManager: Shutting down and abandoning module ShaderCore (28)
[2018.02.19-14.09.49:445][395]LogModuleManager: Shutting down and abandoning module Landscape (26)
[2018.02.19-14.09.49:445][395]LogModuleManager: Shutting down and abandoning module SlateRHIRenderer (24)
[2018.02.19-14.09.49:445][395]LogModuleManager: Shutting down and abandoning module OpenGLDrv (22)
[2018.02.19-14.09.49:445][395]LogModuleManager: Shutting down and abandoning module D3D11RHI (20)
[2018.02.19-14.09.49:446][395]LogModuleManager: Shutting down and abandoning module AnimGraphRuntime (18)
[2018.02.19-14.09.49:446][395]LogModuleManager: Shutting down and abandoning module Renderer (16)
[2018.02.19-14.09.49:446][395]LogModuleManager: Shutting down and abandoning module Engine (14)
[2018.02.19-14.09.49:446][395]LogModuleManager: Shutting down and abandoning module CoreUObject (12)
[2018.02.19-14.09.49:446][395]LogModuleManager: Shutting down and abandoning module NetworkFile (10)
[2018.02.19-14.09.49:446][395]LogModuleManager: Shutting down and abandoning module CookedIterativeFile (8)
[2018.02.19-14.09.49:447][395]LogModuleManager: Shutting down and abandoning module StreamingFile (6)
[2018.02.19-14.09.49:447][395]LogModuleManager: Shutting down and abandoning module SandboxFile (4)
[2018.02.19-14.09.49:447][395]LogModuleManager: Shutting down and abandoning module PakFile (2)
[2018.02.19-14.09.49:449][395]LogExit: Exiting.
[2018.02.19-14.09.49:450][395]Log file closed, 02/19/18 14:09:49
