Log file open, 02/19/18 14:20:27
LogWindows: Failed to load 'aqProf.dll' (GetLastError=126)
LogWindows: File 'aqProf.dll' does not exist
LogWindows: Failed to load 'VtuneApi.dll' (GetLastError=126)
LogWindows: File 'VtuneApi.dll' does not exist
LogWindows: Failed to load 'VtuneApi32e.dll' (GetLastError=126)
LogWindows: File 'VtuneApi32e.dll' does not exist
LogInit: Display: Running engine for game: voyager_2
LogPlatformFile: Not using cached read wrapper
LogInit: Display: RandInit(-1413865382) SRandInit(-1413865382).
LogTaskGraph: Started task graph with 5 named threads and 14 total threads with 3 sets of task threads.
LogStats: Stats thread started at 0.171871
LogD3D11RHI: Aftermath initialized
LogPluginManager: Mounting plugin Paper2D
LogPluginManager: Mounting plugin LightPropagationVolume
LogPluginManager: Mounting plugin CodeLiteSourceCodeAccess
LogPluginManager: Mounting plugin GitSourceControl
LogPluginManager: Mounting plugin KDevelopSourceCodeAccess
LogPluginManager: Mounting plugin NullSourceCodeAccess
LogPluginManager: Mounting plugin PerforceSourceControl
LogPluginManager: Mounting plugin SubversionSourceControl
LogPluginManager: Mounting plugin UObjectPlugin
LogPluginManager: Mounting plugin VisualStudioSourceCodeAccess
LogPluginManager: Mounting plugin XCodeSourceCodeAccess
LogPluginManager: Mounting plugin AssetManagerEditor
LogPluginManager: Mounting plugin AudioCapture
LogPluginManager: Mounting plugin FacialAnimation
LogPluginManager: Mounting plugin GameplayTagsEditor
LogPluginManager: Mounting plugin MobileLauncherProfileWizard
LogPluginManager: Mounting plugin PluginBrowser
LogPluginManager: Mounting plugin SpeedTreeImporter
LogPluginManager: Mounting plugin AlembicImporter
LogPluginManager: Mounting plugin CharacterAI
LogPluginManager: Mounting plugin HTML5Networking
LogPluginManager: Mounting plugin AndroidMedia
LogPluginManager: Mounting plugin AvfMedia
LogPluginManager: Mounting plugin MediaPlayerEditor
LogPluginManager: Mounting plugin WmfMedia
LogPluginManager: Mounting plugin TcpMessaging
LogPluginManager: Mounting plugin UdpMessaging
LogPluginManager: Mounting plugin LevelSequenceEditor
LogPluginManager: Mounting plugin MatineeToLevelSequence
LogPluginManager: Mounting plugin OnlineSubsystemGooglePlay
LogPluginManager: Mounting plugin OnlineSubsystemIOS
LogPluginManager: Mounting plugin OnlineSubsystem
LogPluginManager: Mounting plugin OnlineSubsystemNull
LogPluginManager: Mounting plugin OnlineSubsystemUtils
LogPluginManager: Mounting plugin AndroidDeviceProfileSelector
LogPluginManager: Mounting plugin AndroidMoviePlayer
LogPluginManager: Mounting plugin AndroidPermission
LogPluginManager: Mounting plugin AppleMoviePlayer
LogPluginManager: Mounting plugin ArchVisCharacter
LogPluginManager: Mounting plugin CableComponent
LogPluginManager: Mounting plugin CustomMeshComponent
LogPluginManager: Mounting plugin ExampleDeviceProfileSelector
LogPluginManager: Mounting plugin GoogleCloudMessaging
LogPluginManager: Mounting plugin ImmediatePhysics
LogPluginManager: Mounting plugin IOSDeviceProfileSelector
LogPluginManager: Mounting plugin LinuxDeviceProfileSelector
LogPluginManager: Mounting plugin LocationServicesBPLibrary
LogPluginManager: Mounting plugin MobilePatchingUtils
LogPluginManager: Mounting plugin OculusVR
LogPluginManager: Mounting plugin PhysXVehicles
LogPluginManager: Mounting plugin ProceduralMeshComponent
LogPluginManager: Mounting plugin RuntimePhysXCooking
LogPluginManager: Mounting plugin SteamVR
LogPluginManager: Mounting plugin WindowsMoviePlayer
LogInit: Using libcurl 7.47.1
LogInit:  - built for x86_64-pc-win32
LogInit:  - supports SSL with OpenSSL/1.0.2g
LogInit:  - supports HTTP deflate (compression) using libz 1.2.8
LogInit:  - other features:
LogInit:      CURL_VERSION_SSL
LogInit:      CURL_VERSION_LIBZ
LogInit:      CURL_VERSION_IPV6
LogInit:      CURL_VERSION_ASYNCHDNS
LogInit:      CURL_VERSION_LARGEFILE
LogInit:      CURL_VERSION_IDN
LogInit:  CurlRequestOptions (configurable via config and command line):
LogInit:  - bVerifyPeer = false  - Libcurl will NOT verify peer certificate
LogInit:  - bUseHttpProxy = false  - Libcurl will NOT use HTTP proxy
LogInit:  - bDontReuseConnections = false  - Libcurl will reuse connections
LogInit:  - CertBundlePath = nullptr  - Libcurl will use whatever was configured at build time.
LogInit: Build: ++UE4+Release-4.17-CL-3658906
LogInit: Engine Version: 4.17.2-3658906+++UE4+Release-4.17
LogInit: Compatible Engine Version: 4.17.0-3573198+++UE4+Release-4.17
LogInit: Net CL: 3573198
LogDevObjectVersion: Number of dev versions registered: 16
LogDevObjectVersion:   Dev-Blueprints (B0D832E4-1F89-4F0D-ACCF-7EB736FD4AA2): 10
LogDevObjectVersion:   Dev-Build (E1C64328-A22C-4D53-A36C-8E866417BD8C): 0
LogDevObjectVersion:   Dev-Core (375EC13C-06E4-48FB-B500-84F0262A717E): 2
LogDevObjectVersion:   Dev-Editor (E4B068ED-F494-42E9-A231-DA0B2E46BB41): 20
LogDevObjectVersion:   Dev-Framework (CFFC743F-43B0-4480-9391-14DF171D2073): 28
LogDevObjectVersion:   Dev-Mobile (B02B49B5-BB20-44E9-A304-32B752E40360): 0
LogDevObjectVersion:   Dev-Networking (A4E4105C-59A1-49B5-A7C5-40C4547EDFEE): 0
LogDevObjectVersion:   Dev-Online (39C831C9-5AE6-47DC-9A44-9C173E1C8E7C): 0
LogDevObjectVersion:   Dev-Physics (78F01B33-EBEA-4F98-B9B4-84EACCB95AA2): 0
LogDevObjectVersion:   Dev-Platform (6631380F-2D4D-43E0-8009-CF276956A95A): 0
LogDevObjectVersion:   Dev-Rendering (12F88B9F-8875-4AFC-A67C-D90C383ABD29): 19
LogDevObjectVersion:   Dev-Sequencer (7B5AE74C-D270-4C10-A958-57980B212A5A): 4
LogDevObjectVersion:   Dev-VR (D7296918-1DD6-4BDD-9DE2-64A83CC13884): 0
LogDevObjectVersion:   Dev-LoadTimes (C2A15278-BFE7-4AFE-6C17-90FF531DF755): 1
LogDevObjectVersion:   Private-Geometry (6EACA3D4-40EC-4CC1-B786-8BED09428FC5): 1
LogDevObjectVersion:   Dev-AnimPhys (29E575DD-E0A3-4627-9D10-D276232CDCEA): 7
LogInit: Compiled (64-bit): Sep 22 2017 13:47:16
LogInit: Compiled with Visual C++: 19.00.24215.01
LogInit: Build Configuration: Development
LogInit: Branch Name: ++UE4+Release-4.17
LogInit: Command line:  /Temp/Autosaves/Game/Level/UEDPCGamespace -game -PIEVIACONSOLE -ResX=750 -ResY=13340  -Multiprocess -messaging -SessionName="Play in Standalone Game" -featureleveles2 -faketouches -windowed -ForceRes 
LogInit: Base directory: C:/Program Files/Epic Games/UE_4.17/Engine/Binaries/Win64/
LogInit: Installed Engine Build: 1
LogInit: Presizing for max 8388607 objects, including 0 objects not considered by GC, pre-allocating 0 bytes for permanent pool.
LogInit: Object subsystem initialized
[2018.02.19-14.20.28:184][  0]LogInit: Selected Device Profile: [Windows]
[2018.02.19-14.20.28:184][  0]LogInit: Applying CVar settings loaded from the selected device profile: [Windows]
[2018.02.19-14.20.28:188][  0]LogInit: Computer: GAMES-106-018
[2018.02.19-14.20.28:188][  0]LogInit: User: Games
[2018.02.19-14.20.28:188][  0]LogInit: CPU Page size=4096, Cores=4
[2018.02.19-14.20.28:188][  0]LogInit: High frequency timer resolution =3.613339 MHz
[2018.02.19-14.20.28:189][  0]LogMemory: Memory total: Physical=15.9GB (16GB approx)
[2018.02.19-14.20.28:189][  0]LogMemory: Platform Memory Stats for Windows
[2018.02.19-14.20.28:189][  0]LogMemory: Process Physical Memory: 279.91 MB used, 279.91 MB peak
[2018.02.19-14.20.28:189][  0]LogMemory: Process Virtual Memory: 277.67 MB used, 277.67 MB peak
[2018.02.19-14.20.28:189][  0]LogMemory: Physical Memory: 5421.22 MB used,  10840.52 MB free, 16261.73 MB total
[2018.02.19-14.20.28:189][  0]LogMemory: Virtual Memory: 653.21 MB used,  10840.52 MB free, 8388608.00 MB total
[2018.02.19-14.20.28:425][  0]LogInit: Using OS detected language (en-GB).
[2018.02.19-14.20.28:425][  0]LogInit: Using OS detected locale (en-GB).
[2018.02.19-14.20.28:428][  0]LogTextLocalizationManager: No specific localization for 'en-GB' exists, so the 'en' localization will be used.
[2018.02.19-14.20.28:933][  0]LogD3D11RHI: D3D11 adapters:
[2018.02.19-14.20.28:953][  0]LogD3D11RHI:    0. 'NVIDIA GeForce GTX 760' (Feature Level 11_0)
[2018.02.19-14.20.28:953][  0]LogD3D11RHI:       1990/0/7874 MB DedicatedVideo/DedicatedSystem/SharedSystem, Outputs:2, VendorId:0x10de
[2018.02.19-14.20.28:953][  0]LogD3D11RHI: Chosen D3D11 Adapter: 0
[2018.02.19-14.20.28:958][  0]LogD3D11RHI: Creating new Direct3DDevice
[2018.02.19-14.20.28:959][  0]LogD3D11RHI:     GPU DeviceId: 0x1187 (for the marketing name, search the web for "GPU Device Id")
[2018.02.19-14.20.28:959][  0]LogWindows: EnumDisplayDevices:
[2018.02.19-14.20.28:959][  0]LogWindows:    0. 'NVIDIA GeForce GTX 760' (P:1 D:1)
[2018.02.19-14.20.28:960][  0]LogWindows:    1. 'NVIDIA GeForce GTX 760' (P:0 D:1)
[2018.02.19-14.20.28:960][  0]LogWindows:    2. 'NVIDIA GeForce GTX 760' (P:0 D:0)
[2018.02.19-14.20.28:960][  0]LogWindows:    3. 'NVIDIA GeForce GTX 760' (P:0 D:0)
[2018.02.19-14.20.28:960][  0]LogWindows:    4. 'RDPDD Chained DD' (P:0 D:0)
[2018.02.19-14.20.28:961][  0]LogWindows:    5. 'RDP Encoder Mirror Driver' (P:0 D:0)
[2018.02.19-14.20.28:961][  0]LogWindows:    6. 'RDP Reflector Display Driver' (P:0 D:0)
[2018.02.19-14.20.28:961][  0]LogWindows: DebugString: GetVideoDriverDetailsInvalid PrimaryIsNotTheChoosenAdapter GetVideoDriverDetailsInvalid PrimaryIsNotTheChoosenAdapter GetVideoDriverDetailsInvalid PrimaryIsNotTheChoosenAdapter FoundDriverCount:4 
[2018.02.19-14.20.28:961][  0]LogD3D11RHI:     Adapter Name: NVIDIA GeForce GTX 760
[2018.02.19-14.20.28:962][  0]LogD3D11RHI:   Driver Version: 388.13 (internal:23.21.13.8813, unified:388.13)
[2018.02.19-14.20.28:962][  0]LogD3D11RHI:      Driver Date: 10-27-2017
[2018.02.19-14.20.28:962][  0]LogRHI: Texture pool is 1361 MB (70% of 1945 MB)
[2018.02.19-14.20.28:972][  0]LogD3D11RHI: Async texture creation enabled
[2018.02.19-14.20.29:007][  0]LogD3D11RHI: GPU Timing Frequency: 1000.000000 (Debug: 2 2)
[2018.02.19-14.20.29:051][  0]LogShaderCompilers: Guid format shader working directory is -8 characters bigger than the processId version (../../../../../../Users/Games/Desktop/Ochuko/voyager_2/Intermediate/Shaders/WorkingDirectory/9824/).
[2018.02.19-14.20.29:051][  0]LogShaderCompilers: Cleaned the shader compiler working directory 'C:/Users/Games/AppData/Local/Temp/UnrealShaderWorkingDir/820ADFB043A0082599564B9BD4B0ADB9/'.
[2018.02.19-14.20.29:051][  0]LogShaderCompilers: Display: Using Local Shader Compiler.
[2018.02.19-14.20.30:209][  0]LogTemp: Display: Loaded TP WindowsClientTargetPlatform
[2018.02.19-14.20.30:279][  0]LogTemp: Display: Loaded TP WindowsNoEditorTargetPlatform
[2018.02.19-14.20.30:363][  0]LogTemp: Display: Loaded TP WindowsServerTargetPlatform
[2018.02.19-14.20.30:465][  0]LogTemp: Display: Loaded TP WindowsTargetPlatform
[2018.02.19-14.20.30:465][  0]LogTargetPlatformManager: Display: Building Assets For Windows
[2018.02.19-14.20.31:092][  0]LogDerivedDataCache: Display: Max Cache Size: 512 MB
[2018.02.19-14.20.31:244][  0]LogDerivedDataCache: Loaded boot cache 0.15s 93MB C:/Users/Games/AppData/Local/UnrealEngine/4.17/DerivedDataCache/Boot.ddc.
[2018.02.19-14.20.31:244][  0]LogDerivedDataCache: Display: Loaded Boot cache: C:/Users/Games/AppData/Local/UnrealEngine/4.17/DerivedDataCache/Boot.ddc
[2018.02.19-14.20.31:244][  0]LogDerivedDataCache: FDerivedDataBackendGraph:  Pak pak cache file ../../../../../../Users/Games/Desktop/Ochuko/voyager_2/DerivedDataCache/DDC.ddp not found, will not use a pak cache.
[2018.02.19-14.20.31:245][  0]LogDerivedDataCache: Unable to find inner node Pak for hierarchical cache Hierarchy.
[2018.02.19-14.20.31:245][  0]LogDerivedDataCache: FDerivedDataBackendGraph:  CompressedPak pak cache file ../../../../../../Users/Games/Desktop/Ochuko/voyager_2/DerivedDataCache/Compressed.ddp not found, will not use a pak cache.
[2018.02.19-14.20.31:245][  0]LogDerivedDataCache: Unable to find inner node CompressedPak for hierarchical cache Hierarchy.
[2018.02.19-14.20.31:263][  0]LogDerivedDataCache: Display: Pak cache opened for reading ../../../Engine/DerivedDataCache/Compressed.ddp.
[2018.02.19-14.20.31:275][  0]LogDerivedDataCache: Using Local data cache path C:/Users/Games/AppData/Local/UnrealEngine/Common/DerivedDataCache: Writable
[2018.02.19-14.20.31:280][  0]LogMaterial: Verifying Global Shaders for PCD3D_ES2
[2018.02.19-14.20.31:280][  0]LogSlate: Using Freetype 2.6.0
[2018.02.19-14.20.31:281][  0]LogSlate: SlateFontCache - WITH_FREETYPE: 1, WITH_HARFBUZZ: 1
[2018.02.19-14.20.31:281][  0]LogSlate: SlateFontCache - WITH_FREETYPE: 1, WITH_HARFBUZZ: 1
[2018.02.19-14.20.31:606][  0]LogAssetRegistry: FAssetRegistry took 0.0050 seconds to start up
[2018.02.19-14.20.31:638][  0]LogPackageLocalizationCache: Processed 5 localized package path(s) for 2 prioritized culture(s) in 0.008018 seconds
[2018.02.19-14.20.31:807][  0]LogInit: Selected Device Profile: [Windows]
[2018.02.19-14.20.31:812][  0]LogContentStreaming: Texture pool size is 1000.00 MB
[2018.02.19-14.20.32:271][  0]LogSimplygon: Simplygon DLL not present - disabling.
[2018.02.19-14.20.32:326][  0]LogMeshReduction: Using SimplygonSwarm for distributed automatic mesh merging
[2018.02.19-14.20.32:326][  0]LogMeshReduction: Using QuadricMeshReduction for automatic static mesh reduction
[2018.02.19-14.20.32:326][  0]LogMeshReduction: No automatic skeletal mesh reduction module available
[2018.02.19-14.20.32:326][  0]LogMeshReduction: No automatic mesh merging module available
[2018.02.19-14.20.32:326][  0]LogMeshMerging: No automatic mesh merging module available
[2018.02.19-14.20.32:691][  0]LogNetVersion: voyager_2 , NetCL: 3573198, EngineNetVer: 2, GameNetVer: 0 (Checksum: 3316589127)
[2018.02.19-14.20.32:919][  0]LogInit: WinSock: version 1.1 (2.2), MaxSocks=32767, MaxUdp=65467
[2018.02.19-14.20.34:594][  0]LogMoviePlayer: Initializing movie player
[2018.02.19-14.20.35:548][  0]LogCollectionManager: Loaded 0 collections in 0.001247 seconds
[2018.02.19-14.20.35:605][  0]LogFileCache: Scanning file cache for directory 'C:/Users/Games/Desktop/Ochuko/voyager_2/Saved/Collections/' took 0.01s
[2018.02.19-14.20.35:605][  0]LogFileCache: Scanning file cache for directory 'C:/Users/Games/Desktop/Ochuko/voyager_2/Content/Developers/Games/Collections/' took 0.01s
[2018.02.19-14.20.35:605][  0]LogFileCache: Scanning file cache for directory 'C:/Users/Games/Desktop/Ochuko/voyager_2/Content/Collections/' took 0.01s
[2018.02.19-14.20.35:605][  0]LogCollectionManager: Rebuilt the object cache for 0 collections in 0.000001 seconds (found 0 objects)
[2018.02.19-14.20.35:605][  0]LogCollectionManager: Fixed up redirectors for 0 collections in 0.000726 seconds (updated 0 objects)
[2018.02.19-14.20.35:839][  0]LogTcpMessaging: Initializing TcpMessaging bridge
[2018.02.19-14.20.35:881][  0]LogUdpMessaging: Initializing bridge on interface 0.0.0.0:0 to multicast group 230.0.0.1:6666.
[2018.02.19-14.20.36:498][  0]SourceControl: Source control is disabled
[2018.02.19-14.20.36:498][  0]SourceControl: Source control is disabled
[2018.02.19-14.20.36:598][  0]SourceControl: Source control is disabled
[2018.02.19-14.20.36:952][  0]LogAndroidPermission: UAndroidPermissionCallbackProxy::GetInstance
[2018.02.19-14.20.37:331][  0]LogOcInput: OculusInput pre-init called
[2018.02.19-14.20.37:494][  0]LogUObjectArray: 38661 objects as part of root set at end of initial load.
[2018.02.19-14.20.37:495][  0]LogUObjectAllocator: 8461328 out of 0 bytes used by permanent object pool.
[2018.02.19-14.20.37:495][  0]LogUObjectArray: CloseDisregardForGC: 0/0 objects in disregard for GC pool
[2018.02.19-14.20.37:630][  0]LogEngine: Initializing Engine...
[2018.02.19-14.20.37:633][  0]LogHMD: Failed to initialize OpenVR with code 110
[2018.02.19-14.20.37:883][  0]LogStats: UGameplayTagsManager::ConstructGameplayTagTree: Construct from data asset -  0.000 s
[2018.02.19-14.20.37:883][  0]LogStats: UGameplayTagsManager::ConstructGameplayTagTree: GameplayTagTreeChangedEvent.Broadcast -  0.000 s
[2018.02.19-14.20.37:897][  0]LogInit: XAudio2 using 'Speakers (Conexant HD Audio)' : 2 channels at 44.1 kHz using 16 bits per sample (channel mask 0x3)
[2018.02.19-14.20.37:915][  0]LogInit: FAudioDevice initialized.
[2018.02.19-14.20.37:949][  0]LogInit: Texture streaming: Enabled
[2018.02.19-14.20.37:952][  0]LogMaterial: Missing cached shader map for material BaseColor, compiling. 
[2018.02.19-14.20.37:953][  0]LogMaterial: Warning: Failed to compile Material /Engine/BufferVisualization/BaseColor.BaseColor for platform PCD3D_ES2, Default Material will be used in game.
[2018.02.19-14.20.37:953][  0]LogMaterial: Warning: 	(Node FeatureLevelSwitch) Feature Level switch missing default input
[2018.02.19-14.20.37:966][  0]LogMaterial: Uniform references updated for custom material expression Custom.
[2018.02.19-14.20.38:007][  0]LogMaterial: Missing cached shader map for material Specular, compiling. 
[2018.02.19-14.20.38:007][  0]LogMaterial: Warning: Failed to compile Material /Engine/BufferVisualization/Specular.Specular for platform PCD3D_ES2, Default Material will be used in game.
[2018.02.19-14.20.38:007][  0]LogMaterial: Warning: 	(Node FeatureLevelSwitch) Feature Level switch missing default input
[2018.02.19-14.20.38:277][  0]LogSlateStyle: Warning: Unable to find Slate Widget Style 'NormalText'. Using FTextBlockStyle defaults instead.
[2018.02.19-14.20.38:277][  0]LogSlateStyle: Warning: Unable to find Slate Widget Style 'SpinBox'. Using FSpinBoxStyle defaults instead.
[2018.02.19-14.20.38:595][  0]LogInit: Display: Game Engine Initialized.
[2018.02.19-14.20.38:595][  0]LogGameplayTags: Display: UGameplayTagsManager::DoneAddingNativeTags. DelegateIsBound: 0
[2018.02.19-14.20.38:771][  0]LogInit: Display: Starting Game.
[2018.02.19-14.20.38:772][  0]LogNet: Browse: /Temp/Autosaves/Game/Level/UEDPCGamespace?Name=Player
[2018.02.19-14.20.38:772][  0]LogLoad: LoadMap: /Temp/Autosaves/Game/Level/UEDPCGamespace?Name=Player
[2018.02.19-14.20.38:789][  0]LogMemory: Platform Memory Stats for Windows
[2018.02.19-14.20.38:790][  0]LogMemory: Process Physical Memory: 820.39 MB used, 947.59 MB peak
[2018.02.19-14.20.38:790][  0]LogMemory: Process Virtual Memory: 966.32 MB used, 1049.01 MB peak
[2018.02.19-14.20.38:790][  0]LogMemory: Physical Memory: 6292.33 MB used,  9969.40 MB free, 16261.73 MB total
[2018.02.19-14.20.38:790][  0]LogMemory: Virtual Memory: 1562.88 MB used,  9969.40 MB free, 8388608.00 MB total
[2018.02.19-14.20.38:790][  0]LogMemory: 
[2018.02.19-14.20.38:790][  0]Allocator Stats for TBB: (not implemented)
[2018.02.19-14.20.38:959][  0]LogMaterial: Missing cached shader map for material M_Sky_Panning_Clouds2, compiling. 
[2018.02.19-14.20.39:138][  0]LogAIModule: Creating AISystem for world Gamespace
[2018.02.19-14.20.39:139][  0]LogLoad: Game class is 'GameModeBase'
[2018.02.19-14.20.39:141][  0]LogWorld: Bringing World /Temp/Autosaves/Game/Level/UEDPCGamespace.Gamespace up for play (max tick rate 0) at 2018.02.19-14.20.39
[2018.02.19-14.20.39:141][  0]LogWorld: Bringing up level for play took: 0.001917
[2018.02.19-14.20.39:176][  0]LogLoad: Took 0.403900 seconds to LoadMap(/Temp/Autosaves/Game/Level/UEDPCGamespace)
[2018.02.19-14.20.39:435][  0]LogRenderer: Reallocating scene render targets to support 752x13340 Format 10 NumSamples 1 (Frame:1).
[2018.02.19-14.20.39:435][  0]LogLoad: (Engine Initialization) Total time: 12.92 seconds
[2018.02.19-14.20.39:435][  0]LogLoad: (Engine Initialization) Total Blueprint compile time: 0.00 seconds
[2018.02.19-14.20.39:436][  0]LogExternalProfiler: Found external profiler: VSPerf
[2018.02.19-14.20.39:436][  0]LogExternalProfiler: Using external profiler: VSPerf
[2018.02.19-14.21.41:143][789]LogEngine: All Windows Closed
[2018.02.19-14.21.41:144][789]LogWindows: FPlatformMisc::RequestExit(0)
[2018.02.19-14.21.41:639][790]LogExit: Preparing to exit.
[2018.02.19-14.21.41:640][790]LogMoviePlayer: Shutting down movie player
[2018.02.19-14.21.42:034][790]LogExit: Game engine shut down
[2018.02.19-14.21.42:101][790]LogExit: Object subsystem successfully closed.
[2018.02.19-14.21.42:116][790]LogD3D11RHI: Shutdown
[2018.02.19-14.21.42:116][790]LogD3D11RHI: CleanupD3DDevice
[2018.02.19-14.21.42:156][790]LogD3D11RHI: ~FD3D11DynamicRHI
[2018.02.19-14.21.42:173][790]LogModuleManager: Shutting down and abandoning module SequenceRecorderSections (304)
[2018.02.19-14.21.42:173][790]LogModuleManager: Shutting down and abandoning module SequenceRecorder (302)
[2018.02.19-14.21.42:174][790]LogModuleManager: Shutting down and abandoning module AutomationController (300)
[2018.02.19-14.21.42:174][790]LogModuleManager: Shutting down and abandoning module AutomationWorker (298)
[2018.02.19-14.21.42:174][790]LogModuleManager: Shutting down and abandoning module AIModule (296)
[2018.02.19-14.21.42:174][790]LogModuleManager: Shutting down and abandoning module GameplayDebugger (295)
[2018.02.19-14.21.42:174][790]LogModuleManager: Shutting down and abandoning module AITestSuite (293)
[2018.02.19-14.21.42:174][790]LogModuleManager: Shutting down and abandoning module WmfMediaFactory (290)
[2018.02.19-14.21.42:175][790]LogModuleManager: Shutting down and abandoning module AvfMediaFactory (288)
[2018.02.19-14.21.42:175][790]LogModuleManager: Shutting down and abandoning module AndroidMediaFactory (286)
[2018.02.19-14.21.42:175][790]LogModuleManager: Shutting down and abandoning module Media (285)
[2018.02.19-14.21.42:175][790]LogModuleManager: Shutting down and abandoning module CharacterAI (282)
[2018.02.19-14.21.42:175][790]LogModuleManager: Shutting down and abandoning module SessionServices (280)
[2018.02.19-14.21.42:175][790]LogModuleManager: Shutting down and abandoning module MovieSceneCapture (278)
[2018.02.19-14.21.42:175][790]LogModuleManager: Shutting down and abandoning module MovieSceneTracks (276)
[2018.02.19-14.21.42:176][790]LogModuleManager: Shutting down and abandoning module MovieScene (274)
[2018.02.19-14.21.42:176][790]LogModuleManager: Shutting down and abandoning module GeometryCache (272)
[2018.02.19-14.21.42:176][790]LogModuleManager: Shutting down and abandoning module GeometryCacheEd (271)
[2018.02.19-14.21.42:176][790]LogModuleManager: Shutting down and abandoning module Niagara (268)
[2018.02.19-14.21.42:176][790]LogModuleManager: Shutting down and abandoning module NiagaraEditor (267)
[2018.02.19-14.21.42:176][790]LogModuleManager: Shutting down and abandoning module StreamingPauseRendering (264)
[2018.02.19-14.21.42:177][790]LogModuleManager: Shutting down and abandoning module PortalServices (262)
[2018.02.19-14.21.42:177][790]LogModuleManager: Shutting down and abandoning module PortalRpc (260)
[2018.02.19-14.21.42:177][790]LogModuleManager: Shutting down and abandoning module MessagingRpc (258)
[2018.02.19-14.21.42:177][790]LogModuleManager: Shutting down and abandoning module ProfilerService (256)
[2018.02.19-14.21.42:330][790]LogModuleManager: Shutting down and abandoning module TaskGraph (254)
[2018.02.19-14.21.42:330][790]LogModuleManager: Shutting down and abandoning module SteamVRController (252)
[2018.02.19-14.21.42:331][790]LogModuleManager: Shutting down and abandoning module ProceduralMeshComponent (250)
[2018.02.19-14.21.42:331][790]LogModuleManager: Shutting down and abandoning module OculusInput (248)
[2018.02.19-14.21.42:332][790]LogModuleManager: Shutting down and abandoning module MobilePatchingUtils (246)
[2018.02.19-14.21.42:333][790]LogModuleManager: Shutting down and abandoning module CustomMeshComponent (244)
[2018.02.19-14.21.42:333][790]LogModuleManager: Shutting down and abandoning module CableComponent (242)
[2018.02.19-14.21.42:333][790]LogModuleManager: Shutting down and abandoning module ArchVisCharacter (240)
[2018.02.19-14.21.42:334][790]LogModuleManager: Shutting down and abandoning module AndroidPermission (238)
[2018.02.19-14.21.42:334][790]LogModuleManager: Shutting down and abandoning module HTML5Networking (234)
[2018.02.19-14.21.42:335][790]LogModuleManager: Shutting down and abandoning module VisualStudioSourceCodeAccess (232)
[2018.02.19-14.21.42:335][790]LogModuleManager: Shutting down and abandoning module DesktopPlatform (231)
[2018.02.19-14.21.42:335][790]LogModuleManager: Shutting down and abandoning module HotReload (229)
[2018.02.19-14.21.42:336][790]LogModuleManager: Shutting down and abandoning module UObjectPlugin (226)
[2018.02.19-14.21.42:336][790]LogModuleManager: Shutting down and abandoning module SubversionSourceControl (224)
[2018.02.19-14.21.42:337][790]LogModuleManager: Shutting down and abandoning module PerforceSourceControl (222)
[2018.02.19-14.21.42:337][790]LogModuleManager: Shutting down and abandoning module SourceControl (221)
[2018.02.19-14.21.42:338][790]LogModuleManager: Shutting down and abandoning module RuntimePhysXCooking (218)
[2018.02.19-14.21.42:338][790]LogModuleManager: Shutting down and abandoning module PhysXVehiclesEditor (216)
[2018.02.19-14.21.42:339][790]LogModuleManager: Shutting down and abandoning module PhysXVehicles (214)
[2018.02.19-14.21.42:339][790]LogModuleManager: Shutting down and abandoning module LocationServicesBPLibrary (212)
[2018.02.19-14.21.42:339][790]LogModuleManager: Shutting down and abandoning module ImmediatePhysicsEditor (210)
[2018.02.19-14.21.42:340][790]LogModuleManager: Shutting down and abandoning module ImmediatePhysics (208)
[2018.02.19-14.21.42:340][790]LogModuleManager: Shutting down and abandoning module UdpMessaging (206)
[2018.02.19-14.21.42:440][790]LogModuleManager: Shutting down and abandoning module TcpMessaging (204)
[2018.02.19-14.21.42:842][790]LogModuleManager: Shutting down and abandoning module GameplayTagsEditor (202)
[2018.02.19-14.21.42:843][790]LogModuleManager: Shutting down and abandoning module FacialAnimation (200)
[2018.02.19-14.21.42:843][790]LogModuleManager: Shutting down and abandoning module AssetManagerEditor (198)
[2018.02.19-14.21.42:844][790]LogModuleManager: Shutting down and abandoning module GraphEditor (197)
[2018.02.19-14.21.42:844][790]LogModuleManager: Shutting down and abandoning module ContentBrowser (195)
[2018.02.19-14.21.42:844][790]LogModuleManager: Shutting down and abandoning module CollectionManager (194)
[2018.02.19-14.21.42:845][790]LogDirectoryWatcher: A directory notification for 'C:/Users/Games/Desktop/Ochuko/voyager_2/Content/Collections/' was aborted.
[2018.02.19-14.21.42:845][790]LogDirectoryWatcher: A directory notification for 'C:/Users/Games/Desktop/Ochuko/voyager_2/Content/Developers/Games/Collections/' was aborted.
[2018.02.19-14.21.42:845][790]LogDirectoryWatcher: A directory notification for 'C:/Users/Games/Desktop/Ochuko/voyager_2/Saved/Collections/' was aborted.
[2018.02.19-14.21.42:846][790]LogModuleManager: Shutting down and abandoning module DirectoryWatcher (193)
[2018.02.19-14.21.42:846][790]LogModuleManager: Shutting down and abandoning module LightPropagationVolumeRuntime (188)
[2018.02.19-14.21.42:847][790]LogModuleManager: Shutting down and abandoning module Paper2D (186)
[2018.02.19-14.21.42:847][790]LogModuleManager: Shutting down and abandoning module WindowsMoviePlayer (184)
[2018.02.19-14.21.42:847][790]LogModuleManager: Shutting down and abandoning module WmfMedia (182)
[2018.02.19-14.21.42:863][790]LogModuleManager: Shutting down and abandoning module PacketHandler (180)
[2018.02.19-14.21.42:863][790]LogModuleManager: Shutting down and abandoning module ClothingSystemEditor (178)
[2018.02.19-14.21.42:864][790]LogModuleManager: Shutting down and abandoning module ClothingSystemRuntime (176)
[2018.02.19-14.21.42:864][790]LogModuleManager: Shutting down and abandoning module Overlay (174)
[2018.02.19-14.21.42:865][790]LogModuleManager: Shutting down and abandoning module OverlayEditor (173)
[2018.02.19-14.21.42:865][790]LogModuleManager: Shutting down and abandoning module MediaAssets (170)
[2018.02.19-14.21.42:865][790]LogModuleManager: Shutting down and abandoning module VREditor (168)
[2018.02.19-14.21.42:866][790]LogModuleManager: Shutting down and abandoning module StringTableEditor (166)
[2018.02.19-14.21.42:866][790]LogModuleManager: Shutting down and abandoning module GameplayTasksEditor (164)
[2018.02.19-14.21.42:867][790]LogModuleManager: Shutting down and abandoning module BehaviorTreeEditor (162)
[2018.02.19-14.21.42:867][790]LogModuleManager: Shutting down and abandoning module FunctionalTesting (160)
[2018.02.19-14.21.42:867][790]LogModuleManager: Shutting down and abandoning module CollisionAnalyzer (158)
[2018.02.19-14.21.42:868][790]LogModuleManager: Shutting down and abandoning module WorkspaceMenuStructure (157)
[2018.02.19-14.21.42:868][790]LogModuleManager: Shutting down and abandoning module UMG (154)
[2018.02.19-14.21.42:869][790]LogModuleManager: Shutting down and abandoning module UMGEditor (153)
[2018.02.19-14.21.42:869][790]LogModuleManager: Shutting down and abandoning module Sequencer (152)
[2018.02.19-14.21.42:869][790]LogModuleManager: Shutting down and abandoning module MessageLog (149)
[2018.02.19-14.21.42:870][790]LogModuleManager: Shutting down and abandoning module SlateReflector (144)
[2018.02.19-14.21.42:870][790]LogModuleManager: Shutting down and abandoning module Slate (142)
[2018.02.19-14.21.42:870][790]LogModuleManager: Shutting down and abandoning module EditorStyle (140)
[2018.02.19-14.21.42:876][790]LogModuleManager: Shutting down and abandoning module MRMesh (138)
[2018.02.19-14.21.42:876][790]LogModuleManager: Shutting down and abandoning module Messaging (136)
[2018.02.19-14.21.42:876][790]LogModuleManager: Shutting down and abandoning module SourceCodeAccess (134)
[2018.02.19-14.21.42:877][790]LogModuleManager: Shutting down and abandoning module HeadMountedDisplay (132)
[2018.02.19-14.21.42:877][790]LogModuleManager: Shutting down and abandoning module XAudio2 (130)
[2018.02.19-14.21.42:877][790]LogModuleManager: Shutting down and abandoning module Networking (128)
[2018.02.19-14.21.42:878][790]LogModuleManager: Shutting down and abandoning module Core (124)
[2018.02.19-14.21.42:878][790]LogModuleManager: Shutting down and abandoning module KismetCompiler (122)
[2018.02.19-14.21.42:878][790]LogModuleManager: Shutting down and abandoning module MeshUtilities (120)
[2018.02.19-14.21.42:879][790]LogModuleManager: Shutting down and abandoning module MeshMergeUtilities (119)
[2018.02.19-14.21.42:879][790]LogModuleManager: Shutting down and abandoning module MeshReductionInterface (118)
[2018.02.19-14.21.42:879][790]LogModuleManager: Shutting down and abandoning module SimplygonSwarm (117)
[2018.02.19-14.21.42:880][790]LogModuleManager: Shutting down and abandoning module SimplygonMeshReduction (115)
[2018.02.19-14.21.42:880][790]LogModuleManager: Shutting down and abandoning module QuadricMeshReduction (113)
[2018.02.19-14.21.42:881][790]LogModuleManager: Shutting down and abandoning module MaterialBaking (109)
[2018.02.19-14.21.42:881][790]LogModuleManager: Shutting down and abandoning module LevelSequence (106)
[2018.02.19-14.21.42:881][790]LogModuleManager: Shutting down and abandoning module DerivedDataCache (102)
[2018.02.19-14.21.43:270][790]LogDerivedDataCache: Shutdown
[2018.02.19-14.21.43:270][790]LogModuleManager: Shutting down and abandoning module TargetPlatform (100)
[2018.02.19-14.21.43:271][790]LogModuleManager: Shutting down and abandoning module VulkanShaderFormat (99)
[2018.02.19-14.21.43:271][790]LogModuleManager: Shutting down and abandoning module ShaderFormatVectorVM (97)
[2018.02.19-14.21.43:272][790]LogModuleManager: Shutting down and abandoning module ShaderFormatOpenGL (95)
[2018.02.19-14.21.43:272][790]LogModuleManager: Shutting down and abandoning module ShaderFormatD3D (93)
[2018.02.19-14.21.43:273][790]LogModuleManager: Shutting down and abandoning module MetalShaderFormat (91)
[2018.02.19-14.21.43:273][790]LogModuleManager: Shutting down and abandoning module TextureFormatUncompressed (89)
[2018.02.19-14.21.43:274][790]LogModuleManager: Shutting down and abandoning module TextureFormatPVR (87)
[2018.02.19-14.21.43:274][790]LogModuleManager: Shutting down and abandoning module TextureFormatDXT (85)
[2018.02.19-14.21.43:274][790]LogModuleManager: Shutting down and abandoning module TextureFormatIntelISPCTexComp (83)
[2018.02.19-14.21.43:275][790]LogModuleManager: Shutting down and abandoning module TextureFormatASTC (81)
[2018.02.19-14.21.43:275][790]LogModuleManager: Shutting down and abandoning module ImageWrapper (80)
[2018.02.19-14.21.43:276][790]LogModuleManager: Shutting down and abandoning module TextureFormatAndroid (77)
[2018.02.19-14.21.43:276][790]LogModuleManager: Shutting down and abandoning module AudioFormatOpus (75)
[2018.02.19-14.21.43:277][790]LogModuleManager: Shutting down and abandoning module AudioFormatOgg (73)
[2018.02.19-14.21.43:277][790]LogModuleManager: Shutting down and abandoning module AudioFormatADPCM (71)
[2018.02.19-14.21.43:278][790]LogModuleManager: Shutting down and abandoning module WindowsTargetPlatform (69)
[2018.02.19-14.21.43:278][790]LogModuleManager: Shutting down and abandoning module WindowsServerTargetPlatform (67)
[2018.02.19-14.21.43:279][790]LogModuleManager: Shutting down and abandoning module WindowsNoEditorTargetPlatform (65)
[2018.02.19-14.21.43:279][790]LogModuleManager: Shutting down and abandoning module WindowsClientTargetPlatform (63)
[2018.02.19-14.21.43:279][790]LogModuleManager: Shutting down and abandoning module InputCore (60)
[2018.02.19-14.21.43:280][790]LogModuleManager: Shutting down and abandoning module Settings (58)
[2018.02.19-14.21.43:280][790]LogModuleManager: Shutting down and abandoning module PhysXCooking (56)
[2018.02.19-14.21.43:281][790]LogModuleManager: Shutting down and abandoning module SteamVR (54)
[2018.02.19-14.21.43:281][790]LogModuleManager: Shutting down and abandoning module OculusHMD (52)
[2018.02.19-14.21.43:282][790]LogModuleManager: Shutting down and abandoning module ExampleDeviceProfileSelector (50)
[2018.02.19-14.21.43:282][790]LogModuleManager: Shutting down and abandoning module OnlineBlueprintSupport (48)
[2018.02.19-14.21.43:283][790]LogModuleManager: Shutting down and abandoning module OnlineSubsystem (44)
[2018.02.19-14.21.43:283][790]LogOnline: Display: Unloading online subsystem: NULL
[2018.02.19-14.21.43:284][790]LogModuleManager: Shutting down and abandoning module XMPP (43)
[2018.02.19-14.21.43:284][790]LogModuleManager: Shutting down and abandoning module HTTP (41)
[2018.02.19-14.21.43:304][790]LogModuleManager: Shutting down and abandoning module SSL (40)
[2018.02.19-14.21.43:308][790]LogModuleManager: Shutting down and abandoning module AnimationModifiers (36)
[2018.02.19-14.21.43:308][790]LogModuleManager: Shutting down and abandoning module PropertyEditor (35)
[2018.02.19-14.21.43:309][790]LogModuleManager: Shutting down and abandoning module AudioEditor (32)
[2018.02.19-14.21.43:309][790]LogModuleManager: Shutting down and abandoning module TextureCompressor (30)
[2018.02.19-14.21.43:310][790]LogModuleManager: Shutting down and abandoning module ShaderCore (28)
[2018.02.19-14.21.43:310][790]LogModuleManager: Shutting down and abandoning module Landscape (26)
[2018.02.19-14.21.43:310][790]LogModuleManager: Shutting down and abandoning module SlateRHIRenderer (24)
[2018.02.19-14.21.43:311][790]LogModuleManager: Shutting down and abandoning module OpenGLDrv (22)
[2018.02.19-14.21.43:311][790]LogModuleManager: Shutting down and abandoning module D3D11RHI (20)
[2018.02.19-14.21.43:312][790]LogModuleManager: Shutting down and abandoning module AnimGraphRuntime (18)
[2018.02.19-14.21.43:312][790]LogModuleManager: Shutting down and abandoning module Renderer (16)
[2018.02.19-14.21.43:313][790]LogModuleManager: Shutting down and abandoning module Engine (14)
[2018.02.19-14.21.43:313][790]LogModuleManager: Shutting down and abandoning module CoreUObject (12)
[2018.02.19-14.21.43:313][790]LogModuleManager: Shutting down and abandoning module NetworkFile (10)
[2018.02.19-14.21.43:314][790]LogModuleManager: Shutting down and abandoning module CookedIterativeFile (8)
[2018.02.19-14.21.43:314][790]LogModuleManager: Shutting down and abandoning module StreamingFile (6)
[2018.02.19-14.21.43:314][790]LogModuleManager: Shutting down and abandoning module SandboxFile (4)
[2018.02.19-14.21.43:315][790]LogModuleManager: Shutting down and abandoning module PakFile (2)
[2018.02.19-14.21.43:318][790]LogExit: Exiting.
[2018.02.19-14.21.43:321][790]Log file closed, 02/19/18 14:21:43
